17:53:13.600 [main] INFO  TestBase.BaseClass - ------CHECKING THE TEXTBOX UI FOR LOAN AMOUNT CALCULATOR ------
17:53:14.155 [main] INFO  TestBase.BaseClass - ------CHECKING THE SCALE UI FOR LOAN AMOUNT CALCULATOR ------
17:53:17.589 [main] INFO  TestBase.BaseClass - ------VERIFYING THE YEAR TO MONTH CONVERTION FOR LOAN AMOUNT CALCULATOR ------
17:53:19.552 [main] INFO  TestBase.BaseClass - ------CHECKING THE TEXTBOX UI FOR LOAN TENURE CALCULATOR ------
17:53:19.717 [main] INFO  TestBase.BaseClass - ------CHECKING THE SCALE UI FOR LOAN TENURE CALCULATOR ------
12:48:24.275 [main] INFO  TestBase.BaseClass - ------FILLING THE CAR LOAN DETAILS ------
12:48:29.896 [main] INFO  TestBase.BaseClass - ------GETTING THE PRINCIPAL AMOUNT FOR 1 MONTH ------
12:48:29.951 [main] INFO  TestBase.BaseClass - ------GETTING THE INTEREST AMOUNT FOR 1 MONTH ------
12:48:33.052 [main] INFO  TestBase.BaseClass - ------FILLING THE HOME LOAN DETAILS ------
12:48:41.219 [main] INFO  TestBase.BaseClass - ------STORING YEARLY DATA INTO EXCEL ------
12:48:56.364 [main] INFO  TestBase.BaseClass - ------CHECKING THE TEXTBOX UI FOR EMI CALCULATOR ------
12:48:56.701 [main] INFO  TestBase.BaseClass - ------CHECKING THE SCALE UI FOR EMI CALCULATOR ------
12:49:01.313 [main] INFO  TestBase.BaseClass - ------VERIFYING THE YEAR TO MONTH CONVERTION FOR EMI CALCULATOR ------
12:49:04.123 [main] INFO  TestBase.BaseClass - ------CHECKING THE TEXTBOX UI FOR LOAN AMOUNT CALCULATOR ------
12:49:04.395 [main] INFO  TestBase.BaseClass - ------CHECKING THE SCALE UI FOR LOAN AMOUNT CALCULATOR ------
12:49:07.952 [main] INFO  TestBase.BaseClass - ------VERIFYING THE YEAR TO MONTH CONVERTION FOR LOAN AMOUNT CALCULATOR ------
12:49:10.003 [main] INFO  TestBase.BaseClass - ------CHECKING THE TEXTBOX UI FOR LOAN TENURE CALCULATOR ------
12:49:10.179 [main] INFO  TestBase.BaseClass - ------CHECKING THE SCALE UI FOR LOAN TENURE CALCULATOR ------
14:08:48.105 [main] INFO  TestBase.BaseClass - ------FILLING THE CAR LOAN DETAILS ------
14:13:24.549 [main] INFO  TestBase.BaseClass - ------FILLING THE CAR LOAN DETAILS ------
14:15:18.663 [main] INFO  TestCases.Tc_001_carLoanTest - ------FILLING THE CAR LOAN DETAILS ------
14:15:20.668 [main] INFO  TestCases.Tc_001_carLoanTest - ------FILLING THE HOME LOAN DETAILS ------
14:15:27.271 [main] INFO  TestCases.Tc_001_carLoanTest - ------STORING YEARLY DATA INTO EXCEL ------
14:15:28.333 [main] INFO  TestCases.Tc_001_carLoanTest - ------CHECKING THE TEXTBOX UI FOR EMI CALCULATOR ------
14:15:28.636 [main] INFO  TestCases.Tc_001_carLoanTest - ------CHECKING THE SCALE UI FOR EMI CALCULATOR ------
14:15:28.998 [main] INFO  TestCases.Tc_001_carLoanTest - ------VERIFYING THE YEAR TO MONTH CONVERTION FOR EMI CALCULATOR ------
14:15:29.634 [main] INFO  TestCases.Tc_001_carLoanTest - ------CHECKING THE TEXTBOX UI FOR LOAN AMOUNT CALCULATOR ------
14:15:29.961 [main] INFO  TestCases.Tc_001_carLoanTest - ------CHECKING THE SCALE UI FOR LOAN AMOUNT CALCULATOR ------
14:15:30.270 [main] INFO  TestCases.Tc_001_carLoanTest - ------VERIFYING THE YEAR TO MONTH CONVERTION FOR LOAN AMOUNT CALCULATOR ------
14:15:31.144 [main] INFO  TestCases.Tc_001_carLoanTest - ------CHECKING THE TEXTBOX UI FOR LOAN TENURE CALCULATOR ------
14:15:31.396 [main] INFO  TestCases.Tc_001_carLoanTest - ------CHECKING THE SCALE UI FOR LOAN TENURE CALCULATOR ------
14:22:18.264 [main] INFO  TestCases.Tc_001_carLoanTest - ------FILLING THE CAR LOAN DETAILS ------
14:22:24.785 [main] INFO  TestCases.Tc_001_carLoanTest - ------GETTING THE PRINCIPAL AMOUNT FOR 1 MONTH ------
14:22:25.143 [main] INFO  TestCases.Tc_001_carLoanTest - ------GETTING THE INTEREST AMOUNT FOR 1 MONTH ------
14:22:28.627 [main] INFO  TestCases.Tc_001_carLoanTest - ------FILLING THE HOME LOAN DETAILS ------
14:22:37.791 [main] INFO  TestCases.Tc_001_carLoanTest - ------STORING YEARLY DATA INTO EXCEL ------
14:22:57.793 [main] INFO  TestCases.Tc_001_carLoanTest - ------CHECKING THE TEXTBOX UI FOR EMI CALCULATOR ------
14:22:58.468 [main] INFO  TestCases.Tc_001_carLoanTest - ------CHECKING THE SCALE UI FOR EMI CALCULATOR ------
14:23:02.287 [main] INFO  TestCases.Tc_001_carLoanTest - ------VERIFYING THE YEAR TO MONTH CONVERTION FOR EMI CALCULATOR ------
14:23:04.398 [main] INFO  TestCases.Tc_001_carLoanTest - ------CHECKING THE TEXTBOX UI FOR LOAN AMOUNT CALCULATOR ------
14:23:05.040 [main] INFO  TestCases.Tc_001_carLoanTest - ------CHECKING THE SCALE UI FOR LOAN AMOUNT CALCULATOR ------
14:23:08.570 [main] INFO  TestCases.Tc_001_carLoanTest - ------VERIFYING THE YEAR TO MONTH CONVERTION FOR LOAN AMOUNT CALCULATOR ------
14:23:10.982 [main] INFO  TestCases.Tc_001_carLoanTest - ------CHECKING THE TEXTBOX UI FOR LOAN TENURE CALCULATOR ------
14:23:11.794 [main] INFO  TestCases.Tc_001_carLoanTest - ------CHECKING THE SCALE UI FOR LOAN TENURE CALCULATOR ------
14:24:54.925 [main] INFO  TestBase.BaseClass - ------FILLING THE CAR LOAN DETAILS ------
14:25:00.668 [main] INFO  TestBase.BaseClass - ------GETTING THE PRINCIPAL AMOUNT FOR 1 MONTH ------
