22:11:58.059 [main] INFO  TestCases.Tc_001_carLoanTest - ------STORING YEARLY DATA INTO EXCEL ------
22:12:18.589 [main] INFO  TestCases.Tc_001_carLoanTest - ------CHECKING THE TEXTBOX UI FOR EMI CALCULATOR ------
22:12:19.202 [main] INFO  TestCases.Tc_001_carLoanTest - ------CHECKING THE SCALE UI FOR EMI CALCULATOR ------
22:12:22.382 [main] INFO  TestCases.Tc_001_carLoanTest - ------VERIFYING THE YEAR TO MONTH CONVERTION FOR EMI CALCULATOR ------
22:12:24.375 [main] INFO  TestCases.Tc_001_carLoanTest - ------CHECKING THE TEXTBOX UI FOR LOAN AMOUNT CALCULATOR ------
22:12:24.951 [main] INFO  TestCases.Tc_001_carLoanTest - ------CHECKING THE SCALE UI FOR LOAN AMOUNT CALCULATOR ------
22:12:28.606 [main] INFO  TestCases.Tc_001_carLoanTest - ------VERIFYING THE YEAR TO MONTH CONVERTION FOR LOAN AMOUNT CALCULATOR ------
22:12:30.786 [main] INFO  TestCases.Tc_001_carLoanTest - ------CHECKING THE TEXTBOX UI FOR LOAN TENURE CALCULATOR ------
22:12:31.399 [main] INFO  TestCases.Tc_001_carLoanTest - ------CHECKING THE SCALE UI FOR LOAN TENURE CALCULATOR ------
15:22:12.782 [main] INFO  TestCases.Tc_001_carLoanTest - ------FILLING THE CAR LOAN DETAILS ------
15:24:08.990 [main] INFO  TestCases.Tc_001_carLoanTest - ------FILLING THE CAR LOAN DETAILS ------
15:26:19.102 [main] INFO  TestCases.Tc_001_carLoanTest - ------FILLING THE CAR LOAN DETAILS ------
15:31:42.947 [main] INFO  TestCases.Tc_001_carLoanTest - ------FILLING THE CAR LOAN DETAILS ------
15:31:49.683 [main] INFO  TestCases.Tc_001_carLoanTest - ------GETTING THE PRINCIPAL AMOUNT FOR 1 MONTH ------
15:31:50.067 [main] INFO  TestCases.Tc_001_carLoanTest - ------GETTING THE INTEREST AMOUNT FOR 1 MONTH ------
15:32:22.470 [main] INFO  TestCases.Tc_001_carLoanTest - ------FILLING THE HOME LOAN DETAILS ------
15:32:32.354 [main] INFO  TestCases.Tc_001_carLoanTest - ------STORING YEARLY DATA INTO EXCEL ------
15:32:51.977 [main] INFO  TestCases.Tc_001_carLoanTest - ------CHECKING THE TEXTBOX UI FOR EMI CALCULATOR ------
15:32:52.517 [main] INFO  TestCases.Tc_001_carLoanTest - ------CHECKING THE SCALE UI FOR EMI CALCULATOR ------
15:32:56.003 [main] INFO  TestCases.Tc_001_carLoanTest - ------VERIFYING THE YEAR TO MONTH CONVERTION FOR EMI CALCULATOR ------
15:32:57.707 [main] INFO  TestCases.Tc_001_carLoanTest - ------CHECKING THE TEXTBOX UI FOR LOAN AMOUNT CALCULATOR ------
15:32:58.226 [main] INFO  TestCases.Tc_001_carLoanTest - ------CHECKING THE SCALE UI FOR LOAN AMOUNT CALCULATOR ------
15:33:01.857 [main] INFO  TestCases.Tc_001_carLoanTest - ------VERIFYING THE YEAR TO MONTH CONVERTION FOR LOAN AMOUNT CALCULATOR ------
15:33:03.876 [main] INFO  TestCases.Tc_001_carLoanTest - ------CHECKING THE TEXTBOX UI FOR LOAN TENURE CALCULATOR ------
15:33:04.392 [main] INFO  TestCases.Tc_001_carLoanTest - ------CHECKING THE SCALE UI FOR LOAN TENURE CALCULATOR ------
17:45:56.770 [main] INFO  TestBase.BaseClass - ------FILLING THE CAR LOAN DETAILS ------
17:46:01.367 [main] INFO  TestBase.BaseClass - ------GETTING THE PRINCIPAL AMOUNT FOR 1 MONTH ------
17:46:01.404 [main] INFO  TestBase.BaseClass - ------GETTING THE INTEREST AMOUNT FOR 1 MONTH ------
17:46:04.023 [main] INFO  TestBase.BaseClass - ------FILLING THE HOME LOAN DETAILS ------
17:46:12.031 [main] INFO  TestBase.BaseClass - ------STORING YEARLY DATA INTO EXCEL ------
17:46:23.749 [main] INFO  TestBase.BaseClass - ------CHECKING THE TEXTBOX UI FOR EMI CALCULATOR ------
17:46:24.018 [main] INFO  TestBase.BaseClass - ------CHECKING THE SCALE UI FOR EMI CALCULATOR ------
17:46:27.157 [main] INFO  TestBase.BaseClass - ------VERIFYING THE YEAR TO MONTH CONVERTION FOR EMI CALCULATOR ------
17:46:29.359 [main] INFO  TestBase.BaseClass - ------CHECKING THE TEXTBOX UI FOR LOAN AMOUNT CALCULATOR ------
17:46:29.727 [main] INFO  TestBase.BaseClass - ------CHECKING THE SCALE UI FOR LOAN AMOUNT CALCULATOR ------
17:46:33.262 [main] INFO  TestBase.BaseClass - ------VERIFYING THE YEAR TO MONTH CONVERTION FOR LOAN AMOUNT CALCULATOR ------
17:46:34.891 [main] INFO  TestBase.BaseClass - ------CHECKING THE TEXTBOX UI FOR LOAN TENURE CALCULATOR ------
17:46:35.030 [main] INFO  TestBase.BaseClass - ------CHECKING THE SCALE UI FOR LOAN TENURE CALCULATOR ------
17:52:36.176 [main] INFO  TestBase.BaseClass - ------FILLING THE CAR LOAN DETAILS ------
17:52:41.520 [main] INFO  TestBase.BaseClass - ------GETTING THE PRINCIPAL AMOUNT FOR 1 MONTH ------
17:52:41.589 [main] INFO  TestBase.BaseClass - ------GETTING THE INTEREST AMOUNT FOR 1 MONTH ------
17:52:44.714 [main] INFO  TestBase.BaseClass - ------FILLING THE HOME LOAN DETAILS ------
17:52:52.997 [main] INFO  TestBase.BaseClass - ------STORING YEARLY DATA INTO EXCEL ------
17:53:07.289 [main] INFO  TestBase.BaseClass - ------CHECKING THE TEXTBOX UI FOR EMI CALCULATOR ------
17:53:07.621 [main] INFO  TestBase.BaseClass - ------CHECKING THE SCALE UI FOR EMI CALCULATOR ------
17:53:11.398 [main] INFO  TestBase.BaseClass - ------VERIFYING THE YEAR TO MONTH CONVERTION FOR EMI CALCULATOR ------
