21:40:52.361 [main] INFO  TestCases.Tc_001_carLoanTest - ------CHECKING THE SCALE UI FOR LOAN TENURE CALCULATOR ------
21:44:04.069 [main] INFO  TestCases.Tc_001_carLoanTest - ------FILLING THE CAR LOAN DETAILS ------
21:44:09.160 [main] INFO  TestCases.Tc_001_carLoanTest - ------GETTING THE PRINCIPAL AMOUNT FOR 1 MONTH ------
21:44:09.220 [main] INFO  TestCases.Tc_001_carLoanTest - ------GETTING THE INTEREST AMOUNT FOR 1 MONTH ------
21:44:10.660 [main] INFO  TestCases.Tc_001_carLoanTest - ------FILLING THE HOME LOAN DETAILS ------
21:44:18.386 [main] INFO  TestCases.Tc_001_carLoanTest - ------STORING YEARLY DATA INTO EXCEL ------
21:44:29.399 [main] INFO  TestCases.Tc_001_carLoanTest - ------CHECKING THE TEXTBOX UI FOR EMI CALCULATOR ------
21:44:29.705 [main] INFO  TestCases.Tc_001_carLoanTest - ------CHECKING THE SCALE UI FOR EMI CALCULATOR ------
21:44:32.743 [main] INFO  TestCases.Tc_001_carLoanTest - ------VERIFYING THE YEAR TO MONTH CONVERTION FOR EMI CALCULATOR ------
21:44:33.988 [main] INFO  TestCases.Tc_001_carLoanTest - ------CHECKING THE TEXTBOX UI FOR LOAN AMOUNT CALCULATOR ------
21:44:34.392 [main] INFO  TestCases.Tc_001_carLoanTest - ------CHECKING THE SCALE UI FOR LOAN AMOUNT CALCULATOR ------
21:44:37.710 [main] INFO  TestCases.Tc_001_carLoanTest - ------VERIFYING THE YEAR TO MONTH CONVERTION FOR LOAN AMOUNT CALCULATOR ------
21:44:39.167 [main] INFO  TestCases.Tc_001_carLoanTest - ------CHECKING THE TEXTBOX UI FOR LOAN TENURE CALCULATOR ------
21:44:39.499 [main] INFO  TestCases.Tc_001_carLoanTest - ------CHECKING THE SCALE UI FOR LOAN TENURE CALCULATOR ------
22:01:51.681 [main] INFO  TestCases.Tc_001_carLoanTest - ------FILLING THE CAR LOAN DETAILS ------
22:01:58.937 [main] INFO  TestCases.Tc_001_carLoanTest - ------GETTING THE PRINCIPAL AMOUNT FOR 1 MONTH ------
22:01:59.412 [main] INFO  TestCases.Tc_001_carLoanTest - ------GETTING THE INTEREST AMOUNT FOR 1 MONTH ------
22:02:03.451 [main] INFO  TestCases.Tc_001_carLoanTest - ------FILLING THE HOME LOAN DETAILS ------
22:02:12.180 [main] INFO  TestCases.Tc_001_carLoanTest - ------STORING YEARLY DATA INTO EXCEL ------
22:02:33.224 [main] INFO  TestCases.Tc_001_carLoanTest - ------CHECKING THE TEXTBOX UI FOR EMI CALCULATOR ------
22:02:33.870 [main] INFO  TestCases.Tc_001_carLoanTest - ------CHECKING THE SCALE UI FOR EMI CALCULATOR ------
22:02:37.560 [main] INFO  TestCases.Tc_001_carLoanTest - ------VERIFYING THE YEAR TO MONTH CONVERTION FOR EMI CALCULATOR ------
22:02:39.634 [main] INFO  TestCases.Tc_001_carLoanTest - ------CHECKING THE TEXTBOX UI FOR LOAN AMOUNT CALCULATOR ------
22:02:40.271 [main] INFO  TestCases.Tc_001_carLoanTest - ------CHECKING THE SCALE UI FOR LOAN AMOUNT CALCULATOR ------
22:02:43.822 [main] INFO  TestCases.Tc_001_carLoanTest - ------VERIFYING THE YEAR TO MONTH CONVERTION FOR LOAN AMOUNT CALCULATOR ------
22:02:46.073 [main] INFO  TestCases.Tc_001_carLoanTest - ------CHECKING THE TEXTBOX UI FOR LOAN TENURE CALCULATOR ------
22:02:46.739 [main] INFO  TestCases.Tc_001_carLoanTest - ------CHECKING THE SCALE UI FOR LOAN TENURE CALCULATOR ------
22:05:45.177 [main] INFO  TestCases.Tc_001_carLoanTest - ------FILLING THE CAR LOAN DETAILS ------
22:05:51.661 [main] INFO  TestCases.Tc_001_carLoanTest - ------GETTING THE PRINCIPAL AMOUNT FOR 1 MONTH ------
22:05:52.019 [main] INFO  TestCases.Tc_001_carLoanTest - ------GETTING THE INTEREST AMOUNT FOR 1 MONTH ------
22:05:57.039 [main] INFO  TestCases.Tc_001_carLoanTest - ------FILLING THE HOME LOAN DETAILS ------
22:06:06.338 [main] INFO  TestCases.Tc_001_carLoanTest - ------STORING YEARLY DATA INTO EXCEL ------
22:06:20.633 [main] INFO  TestCases.Tc_001_carLoanTest - ------CHECKING THE TEXTBOX UI FOR EMI CALCULATOR ------
22:06:21.260 [main] INFO  TestCases.Tc_001_carLoanTest - ------CHECKING THE SCALE UI FOR EMI CALCULATOR ------
22:06:24.967 [main] INFO  TestCases.Tc_001_carLoanTest - ------VERIFYING THE YEAR TO MONTH CONVERTION FOR EMI CALCULATOR ------
22:06:27.148 [main] INFO  TestCases.Tc_001_carLoanTest - ------CHECKING THE TEXTBOX UI FOR LOAN AMOUNT CALCULATOR ------
22:06:27.790 [main] INFO  TestCases.Tc_001_carLoanTest - ------CHECKING THE SCALE UI FOR LOAN AMOUNT CALCULATOR ------
22:06:31.084 [main] INFO  TestCases.Tc_001_carLoanTest - ------VERIFYING THE YEAR TO MONTH CONVERTION FOR LOAN AMOUNT CALCULATOR ------
22:06:32.903 [main] INFO  TestCases.Tc_001_carLoanTest - ------CHECKING THE TEXTBOX UI FOR LOAN TENURE CALCULATOR ------
22:06:33.407 [main] INFO  TestCases.Tc_001_carLoanTest - ------CHECKING THE SCALE UI FOR LOAN TENURE CALCULATOR ------
22:11:34.941 [main] INFO  TestCases.Tc_001_carLoanTest - ------FILLING THE CAR LOAN DETAILS ------
22:11:41.757 [main] INFO  TestCases.Tc_001_carLoanTest - ------GETTING THE PRINCIPAL AMOUNT FOR 1 MONTH ------
22:11:42.202 [main] INFO  TestCases.Tc_001_carLoanTest - ------GETTING THE INTEREST AMOUNT FOR 1 MONTH ------
22:11:47.527 [main] INFO  TestCases.Tc_001_carLoanTest - ------FILLING THE HOME LOAN DETAILS ------
